Content-Type: text/plain; charset="utf-8"
MIME-Version: 1.0
Content-Transfer-Encoding: 7bit
Subject: New Order Notification
From: webmaster@localhost
To: odessaseller@urknet.com
Date: Thu, 09 Mar 2023 21:10:19 -0000
Message-ID: <167839621977.13292.1016785519011831081@DESKTOP-37HFRBC.local.ftr>

 Hey Lacy, you have a new order for Cedric Carpenter from someone franky.
-------------------------------------------------------------------------------
Content-Type: text/plain; charset="utf-8"
MIME-Version: 1.0
Content-Transfer-Encoding: 7bit
Subject: New Order Notification
From: webmaster@localhost
To: odessaseller@urknet.com
Date: Thu, 09 Mar 2023 21:10:19 -0000
Message-ID: 
 <167839621984.13292.10158832011319705048@DESKTOP-37HFRBC.local.ftr>

 Hey Lacy, you have a new order for MORE IMAGES HERE from someone franky.
-------------------------------------------------------------------------------
Content-Type: text/plain; charset="utf-8"
MIME-Version: 1.0
Content-Transfer-Encoding: 7bit
Subject: New Order Notification
From: webmaster@localhost
To: odessaseller@urknet.com
Date: Thu, 09 Mar 2023 21:10:19 -0000
Message-ID: 
 <167839621991.13292.14467985546298828038@DESKTOP-37HFRBC.local.ftr>

 Hey seller11, you have a new order for Dakota Chase from someone franky.
-------------------------------------------------------------------------------
